==15766== Memcheck, a memory error detector
==15766== Copyright (C) 2002-2017, and GNU GPL'd, by Julian Seward et al.
==15766== Using Valgrind-3.18.1 and LibVEX; rerun with -h for copyright info
==15766== Command: ./main
==15766== Parent PID: 15764
==15766== 
==15766== Conditional jump or move depends on uninitialised value(s)
==15766==    at 0x10E2AC: Game::next_turn() (game.cpp:45)
==15766==    by 0x118F67: GameSetupGUI::handleGameAction(unsigned long) (GUI.cpp:663)
==15766==    by 0x118C73: GameSetupGUI::handleMouseClick(sf::Vector2<int>) (GUI.cpp:636)
==15766==    by 0x11870F: GameSetupGUI::handleEvents() (GUI.cpp:572)
==15766==    by 0x11507C: GameSetupGUI::run() (GUI.cpp:241)
==15766==    by 0x12559D: main (main.cpp:7)
==15766==  Uninitialised value was created by a stack allocation
==15766==    at 0x12556A: main (main.cpp:4)
==15766== 
==15766== Conditional jump or move depends on uninitialised value(s)
==15766==    at 0x10E2AC: Game::next_turn() (game.cpp:45)
==15766==    by 0x119E29: GameSetupGUI::handleGameAction(unsigned long) (GUI.cpp:764)
==15766==    by 0x11A8E8: GameSetupGUI::handleGameAction(unsigned long) (GUI.cpp:824)
==15766==    by 0x118C73: GameSetupGUI::handleMouseClick(sf::Vector2<int>) (GUI.cpp:636)
==15766==    by 0x11870F: GameSetupGUI::handleEvents() (GUI.cpp:572)
==15766==    by 0x11507C: GameSetupGUI::run() (GUI.cpp:241)
==15766==    by 0x12559D: main (main.cpp:7)
==15766==  Uninitialised value was created by a stack allocation
==15766==    at 0x12556A: main (main.cpp:4)
==15766== 
==15766== 
==15766== HEAP SUMMARY:
==15766==     in use at exit: 225,218 bytes in 2,673 blocks
==15766==   total heap usage: 96,871 allocs, 94,198 frees, 53,546,059 bytes allocated
==15766== 
==15766== LEAK SUMMARY:
==15766==    definitely lost: 0 bytes in 0 blocks
==15766==    indirectly lost: 0 bytes in 0 blocks
==15766==      possibly lost: 304 bytes in 2 blocks
==15766==    still reachable: 224,914 bytes in 2,671 blocks
==15766==         suppressed: 0 bytes in 0 blocks
==15766== Reachable blocks (those to which a pointer was found) are not shown.
==15766== To see them, rerun with: --leak-check=full --show-leak-kinds=all
==15766== 
==15766== For lists of detected and suppressed errors, rerun with: -s
==15766== ERROR SUMMARY: 21 errors from 2 contexts (suppressed: 0 from 0)
